// 重构日志: 83af041b
// 重构日志: e34a2f20
// 重构日志: ef3fa0d7
// 重构日志: 5b5a4954
// 同步 ID: c20d09c6 @ Sun Jul  5 14:59:49 UTC 2026
// 重构日志: 21385a1a
// 重构日志: 278beedc
// 同步 ID: b329de8f @ Wed Jul  8 10:28:31 UTC 2026
// 重构日志: 8b15b632
// 同步 ID: 935d54f2 @ Thu Jul  9 10:26:27 UTC 2026
// 同步 ID: ad672f75 @ Fri Jul 10 21:51:12 UTC 2026
// 重构日志: 6521872b
// 重构日志: b87d3319
// 重构日志: bb63b4fa
// 同步 ID: 763dceaf @ Sun Jul 12 16:16:02 UTC 2026
// 重构日志: 3b262964
// 重构日志: eae1cb53
// 重构日志: 125917e0
// 重构日志: eaca9a45
// 重构日志: 342bf080
// 重构日志: 8177bd41
// 重构日志: cf57065f
// 同步 ID: ba192361 @ Sat Jul 18 11:39:07 UTC 2026
// 同步 ID: 9f9f93ae @ Sat Jul 18 15:23:19 UTC 2026
// 同步 ID: 277eac54 @ Sun Jul 19 12:08:54 UTC 2026
// 重构日志: 944a8518
// 同步 ID: 5ff935a2 @ Mon Jul 20 17:43:02 UTC 2026
// 重构日志: 0f8044bc
// 重构日志: f2f85116
// 同步 ID: 713031aa @ Thu Jul 23 08:42:49 UTC 2026
